<?xml version="1.0" encoding="UTF-8"?>
<testsuite xmlns:xsi="http://www.w3.org/2001/XMLSchema-instance" xsi:noNamespaceSchemaLocation="https://maven.apache.org/surefire/maven-surefire-plugin/xsd/surefire-test-report.xsd" name="guru.springframework.petclinicdata.PetClinicDataApplicationTests" time="0.658" tests="1" errors="1" skipped="0" failures="0">
  <properties>
    <property name="java.specification.version" value="14"/>
    <property name="sun.jnu.encoding" value="UTF-8"/>
    <property name="java.class.path" value="/Cursos/Spring5/VSCode/sfg-pet-clinic/pet-clinic-data/target/test-classes:/Cursos/Spring5/VSCode/sfg-pet-clinic/pet-clinic-data/target/classes:/home/mario.magno/.m2/repository/org/springframework/boot/spring-boot-starter-data-jdbc/2.4.1/spring-boot-starter-data-jdbc-2.4.1.jar:/home/mario.magno/.m2/repository/org/springframework/boot/spring-boot-starter-jdbc/2.4.1/spring-boot-starter-jdbc-2.4.1.jar:/home/mario.magno/.m2/repository/com/zaxxer/HikariCP/3.4.5/HikariCP-3.4.5.jar:/home/mario.magno/.m2/repository/org/springframework/spring-jdbc/5.3.2/spring-jdbc-5.3.2.jar:/home/mario.magno/.m2/repository/org/springframework/data/spring-data-jdbc/2.1.2/spring-data-jdbc-2.1.2.jar:/home/mario.magno/.m2/repository/org/springframework/data/spring-data-relational/2.1.2/spring-data-relational-2.1.2.jar:/home/mario.magno/.m2/repository/org/springframework/data/spring-data-commons/2.4.2/spring-data-commons-2.4.2.jar:/home/mario.magno/.m2/repository/org/springframework/spring-tx/5.3.2/spring-tx-5.3.2.jar:/home/mario.magno/.m2/repository/org/springframework/spring-context/5.3.2/spring-context-5.3.2.jar:/home/mario.magno/.m2/repository/org/springframework/spring-expression/5.3.2/spring-expression-5.3.2.jar:/home/mario.magno/.m2/repository/org/springframework/spring-beans/5.3.2/spring-beans-5.3.2.jar:/home/mario.magno/.m2/repository/org/slf4j/slf4j-api/1.7.30/slf4j-api-1.7.30.jar:/home/mario.magno/.m2/repository/org/springframework/boot/spring-boot-starter-data-jpa/2.4.1/spring-boot-starter-data-jpa-2.4.1.jar:/home/mario.magno/.m2/repository/org/springframework/boot/spring-boot-starter-aop/2.4.1/spring-boot-starter-aop-2.4.1.jar:/home/mario.magno/.m2/repository/org/springframework/spring-aop/5.3.2/spring-aop-5.3.2.jar:/home/mario.magno/.m2/repository/org/aspectj/aspectjweaver/1.9.6/aspectjweaver-1.9.6.jar:/home/mario.magno/.m2/repository/jakarta/transaction/jakarta.transaction-api/1.3.3/jakarta.transaction-api-1.3.3.jar:/home/mario.magno/.m2/repository/jakarta/persistence/jakarta.persistence-api/2.2.3/jakarta.persistence-api-2.2.3.jar:/home/mario.magno/.m2/repository/org/hibernate/hibernate-core/5.4.25.Final/hibernate-core-5.4.25.Final.jar:/home/mario.magno/.m2/repository/org/jboss/logging/jboss-logging/3.4.1.Final/jboss-logging-3.4.1.Final.jar:/home/mario.magno/.m2/repository/org/javassist/javassist/3.27.0-GA/javassist-3.27.0-GA.jar:/home/mario.magno/.m2/repository/net/bytebuddy/byte-buddy/1.10.18/byte-buddy-1.10.18.jar:/home/mario.magno/.m2/repository/antlr/antlr/2.7.7/antlr-2.7.7.jar:/home/mario.magno/.m2/repository/org/jboss/jandex/2.1.3.Final/jandex-2.1.3.Final.jar:/home/mario.magno/.m2/repository/com/fasterxml/classmate/1.5.1/classmate-1.5.1.jar:/home/mario.magno/.m2/repository/org/dom4j/dom4j/2.1.3/dom4j-2.1.3.jar:/home/mario.magno/.m2/repository/org/hibernate/common/hibernate-commons-annotations/5.1.2.Final/hibernate-commons-annotations-5.1.2.Final.jar:/home/mario.magno/.m2/repository/org/glassfish/jaxb/jaxb-runtime/2.3.3/jaxb-runtime-2.3.3.jar:/home/mario.magno/.m2/repository/org/glassfish/jaxb/txw2/2.3.3/txw2-2.3.3.jar:/home/mario.magno/.m2/repository/com/sun/istack/istack-commons-runtime/3.0.11/istack-commons-runtime-3.0.11.jar:/home/mario.magno/.m2/repository/com/sun/activation/jakarta.activation/1.2.2/jakarta.activation-1.2.2.jar:/home/mario.magno/.m2/repository/org/springframework/data/spring-data-jpa/2.4.2/spring-data-jpa-2.4.2.jar:/home/mario.magno/.m2/repository/org/springframework/spring-orm/5.3.2/spring-orm-5.3.2.jar:/home/mario.magno/.m2/repository/org/springframework/spring-aspects/5.3.2/spring-aspects-5.3.2.jar:/home/mario.magno/.m2/repository/com/h2database/h2/1.4.200/h2-1.4.200.jar:/home/mario.magno/.m2/repository/mysql/mysql-connector-java/8.0.22/mysql-connector-java-8.0.22.jar:/home/mario.magno/.m2/repository/org/postgresql/postgresql/42.2.18/postgresql-42.2.18.jar:/home/mario.magno/.m2/repository/org/checkerframework/checker-qual/3.5.0/checker-qual-3.5.0.jar:/home/mario.magno/.m2/repository/org/projectlombok/lombok/1.18.16/lombok-1.18.16.jar:/home/mario.magno/.m2/repository/org/springframework/boot/spring-boot-starter-test/2.4.1/spring-boot-starter-test-2.4.1.jar:/home/mario.magno/.m2/repository/org/springframework/boot/spring-boot-starter/2.4.1/spring-boot-starter-2.4.1.jar:/home/mario.magno/.m2/repository/org/springframework/boot/spring-boot/2.4.1/spring-boot-2.4.1.jar:/home/mario.magno/.m2/repository/org/springframework/boot/spring-boot-autoconfigure/2.4.1/spring-boot-autoconfigure-2.4.1.jar:/home/mario.magno/.m2/repository/org/springframework/boot/spring-boot-starter-logging/2.4.1/spring-boot-starter-logging-2.4.1.jar:/home/mario.magno/.m2/repository/ch/qos/logback/logback-classic/1.2.3/logback-classic-1.2.3.jar:/home/mario.magno/.m2/repository/ch/qos/logback/logback-core/1.2.3/logback-core-1.2.3.jar:/home/mario.magno/.m2/repository/org/apache/logging/log4j/log4j-to-slf4j/2.13.3/log4j-to-slf4j-2.13.3.jar:/home/mario.magno/.m2/repository/org/apache/logging/log4j/log4j-api/2.13.3/log4j-api-2.13.3.jar:/home/mario.magno/.m2/repository/org/slf4j/jul-to-slf4j/1.7.30/jul-to-slf4j-1.7.30.jar:/home/mario.magno/.m2/repository/jakarta/annotation/jakarta.annotation-api/1.3.5/jakarta.annotation-api-1.3.5.jar:/home/mario.magno/.m2/repository/org/yaml/snakeyaml/1.27/snakeyaml-1.27.jar:/home/mario.magno/.m2/repository/org/springframework/boot/spring-boot-test/2.4.1/spring-boot-test-2.4.1.jar:/home/mario.magno/.m2/repository/org/springframework/boot/spring-boot-test-autoconfigure/2.4.1/spring-boot-test-autoconfigure-2.4.1.jar:/home/mario.magno/.m2/repository/com/jayway/jsonpath/json-path/2.4.0/json-path-2.4.0.jar:/home/mario.magno/.m2/repository/net/minidev/json-smart/2.3/json-smart-2.3.jar:/home/mario.magno/.m2/repository/net/minidev/accessors-smart/1.2/accessors-smart-1.2.jar:/home/mario.magno/.m2/repository/org/ow2/asm/asm/5.0.4/asm-5.0.4.jar:/home/mario.magno/.m2/repository/jakarta/xml/bind/jakarta.xml.bind-api/2.3.3/jakarta.xml.bind-api-2.3.3.jar:/home/mario.magno/.m2/repository/jakarta/activation/jakarta.activation-api/1.2.2/jakarta.activation-api-1.2.2.jar:/home/mario.magno/.m2/repository/org/assertj/assertj-core/3.18.1/assertj-core-3.18.1.jar:/home/mario.magno/.m2/repository/org/hamcrest/hamcrest/2.2/hamcrest-2.2.jar:/home/mario.magno/.m2/repository/org/junit/jupiter/junit-jupiter/5.7.0/junit-jupiter-5.7.0.jar:/home/mario.magno/.m2/repository/org/junit/jupiter/junit-jupiter-api/5.7.0/junit-jupiter-api-5.7.0.jar:/home/mario.magno/.m2/repository/org/apiguardian/apiguardian-api/1.1.0/apiguardian-api-1.1.0.jar:/home/mario.magno/.m2/repository/org/opentest4j/opentest4j/1.2.0/opentest4j-1.2.0.jar:/home/mario.magno/.m2/repository/org/junit/platform/junit-platform-commons/1.7.0/junit-platform-commons-1.7.0.jar:/home/mario.magno/.m2/repository/org/junit/jupiter/junit-jupiter-params/5.7.0/junit-jupiter-params-5.7.0.jar:/home/mario.magno/.m2/repository/org/junit/jupiter/junit-jupiter-engine/5.7.0/junit-jupiter-engine-5.7.0.jar:/home/mario.magno/.m2/repository/org/junit/platform/junit-platform-engine/1.7.0/junit-platform-engine-1.7.0.jar:/home/mario.magno/.m2/repository/org/mockito/mockito-core/3.6.28/mockito-core-3.6.28.jar:/home/mario.magno/.m2/repository/net/bytebuddy/byte-buddy-agent/1.10.18/byte-buddy-agent-1.10.18.jar:/home/mario.magno/.m2/repository/org/objenesis/objenesis/3.1/objenesis-3.1.jar:/home/mario.magno/.m2/repository/org/mockito/mockito-junit-jupiter/3.6.28/mockito-junit-jupiter-3.6.28.jar:/home/mario.magno/.m2/repository/org/skyscreamer/jsonassert/1.5.0/jsonassert-1.5.0.jar:/home/mario.magno/.m2/repository/com/vaadin/external/google/android-json/0.0.20131108.vaadin1/android-json-0.0.20131108.vaadin1.jar:/home/mario.magno/.m2/repository/org/springframework/spring-core/5.3.2/spring-core-5.3.2.jar:/home/mario.magno/.m2/repository/org/springframework/spring-jcl/5.3.2/spring-jcl-5.3.2.jar:/home/mario.magno/.m2/repository/org/springframework/spring-test/5.3.2/spring-test-5.3.2.jar:/home/mario.magno/.m2/repository/org/xmlunit/xmlunit-core/2.7.0/xmlunit-core-2.7.0.jar:"/>
    <property name="java.vm.vendor" value="Private Build"/>
    <property name="sun.arch.data.model" value="64"/>
    <property name="java.vendor.url" value="Unknown"/>
    <property name="user.country.format" value="BR"/>
    <property name="os.name" value="Linux"/>
    <property name="java.vm.specification.version" value="14"/>
    <property name="sun.java.launcher" value="SUN_STANDARD"/>
    <property name="user.country" value="US"/>
    <property name="sun.boot.library.path" value="/usr/lib/jvm/java-14-openjdk-amd64/lib"/>
    <property name="sun.java.command" value="/Cursos/Spring5/VSCode/sfg-pet-clinic/pet-clinic-data/target/surefire/surefirebooter8522600730101429875.jar /Cursos/Spring5/VSCode/sfg-pet-clinic/pet-clinic-data/target/surefire 2020-12-18T13-22-45_872-jvmRun1 surefire8486528264241539709tmp surefire_014131984816006420035tmp"/>
    <property name="jdk.debug" value="release"/>
    <property name="surefire.test.class.path" value="/Cursos/Spring5/VSCode/sfg-pet-clinic/pet-clinic-data/target/test-classes:/Cursos/Spring5/VSCode/sfg-pet-clinic/pet-clinic-data/target/classes:/home/mario.magno/.m2/repository/org/springframework/boot/spring-boot-starter-data-jdbc/2.4.1/spring-boot-starter-data-jdbc-2.4.1.jar:/home/mario.magno/.m2/repository/org/springframework/boot/spring-boot-starter-jdbc/2.4.1/spring-boot-starter-jdbc-2.4.1.jar:/home/mario.magno/.m2/repository/com/zaxxer/HikariCP/3.4.5/HikariCP-3.4.5.jar:/home/mario.magno/.m2/repository/org/springframework/spring-jdbc/5.3.2/spring-jdbc-5.3.2.jar:/home/mario.magno/.m2/repository/org/springframework/data/spring-data-jdbc/2.1.2/spring-data-jdbc-2.1.2.jar:/home/mario.magno/.m2/repository/org/springframework/data/spring-data-relational/2.1.2/spring-data-relational-2.1.2.jar:/home/mario.magno/.m2/repository/org/springframework/data/spring-data-commons/2.4.2/spring-data-commons-2.4.2.jar:/home/mario.magno/.m2/repository/org/springframework/spring-tx/5.3.2/spring-tx-5.3.2.jar:/home/mario.magno/.m2/repository/org/springframework/spring-context/5.3.2/spring-context-5.3.2.jar:/home/mario.magno/.m2/repository/org/springframework/spring-expression/5.3.2/spring-expression-5.3.2.jar:/home/mario.magno/.m2/repository/org/springframework/spring-beans/5.3.2/spring-beans-5.3.2.jar:/home/mario.magno/.m2/repository/org/slf4j/slf4j-api/1.7.30/slf4j-api-1.7.30.jar:/home/mario.magno/.m2/repository/org/springframework/boot/spring-boot-starter-data-jpa/2.4.1/spring-boot-starter-data-jpa-2.4.1.jar:/home/mario.magno/.m2/repository/org/springframework/boot/spring-boot-starter-aop/2.4.1/spring-boot-starter-aop-2.4.1.jar:/home/mario.magno/.m2/repository/org/springframework/spring-aop/5.3.2/spring-aop-5.3.2.jar:/home/mario.magno/.m2/repository/org/aspectj/aspectjweaver/1.9.6/aspectjweaver-1.9.6.jar:/home/mario.magno/.m2/repository/jakarta/transaction/jakarta.transaction-api/1.3.3/jakarta.transaction-api-1.3.3.jar:/home/mario.magno/.m2/repository/jakarta/persistence/jakarta.persistence-api/2.2.3/jakarta.persistence-api-2.2.3.jar:/home/mario.magno/.m2/repository/org/hibernate/hibernate-core/5.4.25.Final/hibernate-core-5.4.25.Final.jar:/home/mario.magno/.m2/repository/org/jboss/logging/jboss-logging/3.4.1.Final/jboss-logging-3.4.1.Final.jar:/home/mario.magno/.m2/repository/org/javassist/javassist/3.27.0-GA/javassist-3.27.0-GA.jar:/home/mario.magno/.m2/repository/net/bytebuddy/byte-buddy/1.10.18/byte-buddy-1.10.18.jar:/home/mario.magno/.m2/repository/antlr/antlr/2.7.7/antlr-2.7.7.jar:/home/mario.magno/.m2/repository/org/jboss/jandex/2.1.3.Final/jandex-2.1.3.Final.jar:/home/mario.magno/.m2/repository/com/fasterxml/classmate/1.5.1/classmate-1.5.1.jar:/home/mario.magno/.m2/repository/org/dom4j/dom4j/2.1.3/dom4j-2.1.3.jar:/home/mario.magno/.m2/repository/org/hibernate/common/hibernate-commons-annotations/5.1.2.Final/hibernate-commons-annotations-5.1.2.Final.jar:/home/mario.magno/.m2/repository/org/glassfish/jaxb/jaxb-runtime/2.3.3/jaxb-runtime-2.3.3.jar:/home/mario.magno/.m2/repository/org/glassfish/jaxb/txw2/2.3.3/txw2-2.3.3.jar:/home/mario.magno/.m2/repository/com/sun/istack/istack-commons-runtime/3.0.11/istack-commons-runtime-3.0.11.jar:/home/mario.magno/.m2/repository/com/sun/activation/jakarta.activation/1.2.2/jakarta.activation-1.2.2.jar:/home/mario.magno/.m2/repository/org/springframework/data/spring-data-jpa/2.4.2/spring-data-jpa-2.4.2.jar:/home/mario.magno/.m2/repository/org/springframework/spring-orm/5.3.2/spring-orm-5.3.2.jar:/home/mario.magno/.m2/repository/org/springframework/spring-aspects/5.3.2/spring-aspects-5.3.2.jar:/home/mario.magno/.m2/repository/com/h2database/h2/1.4.200/h2-1.4.200.jar:/home/mario.magno/.m2/repository/mysql/mysql-connector-java/8.0.22/mysql-connector-java-8.0.22.jar:/home/mario.magno/.m2/repository/org/postgresql/postgresql/42.2.18/postgresql-42.2.18.jar:/home/mario.magno/.m2/repository/org/checkerframework/checker-qual/3.5.0/checker-qual-3.5.0.jar:/home/mario.magno/.m2/repository/org/projectlombok/lombok/1.18.16/lombok-1.18.16.jar:/home/mario.magno/.m2/repository/org/springframework/boot/spring-boot-starter-test/2.4.1/spring-boot-starter-test-2.4.1.jar:/home/mario.magno/.m2/repository/org/springframework/boot/spring-boot-starter/2.4.1/spring-boot-starter-2.4.1.jar:/home/mario.magno/.m2/repository/org/springframework/boot/spring-boot/2.4.1/spring-boot-2.4.1.jar:/home/mario.magno/.m2/repository/org/springframework/boot/spring-boot-autoconfigure/2.4.1/spring-boot-autoconfigure-2.4.1.jar:/home/mario.magno/.m2/repository/org/springframework/boot/spring-boot-starter-logging/2.4.1/spring-boot-starter-logging-2.4.1.jar:/home/mario.magno/.m2/repository/ch/qos/logback/logback-classic/1.2.3/logback-classic-1.2.3.jar:/home/mario.magno/.m2/repository/ch/qos/logback/logback-core/1.2.3/logback-core-1.2.3.jar:/home/mario.magno/.m2/repository/org/apache/logging/log4j/log4j-to-slf4j/2.13.3/log4j-to-slf4j-2.13.3.jar:/home/mario.magno/.m2/repository/org/apache/logging/log4j/log4j-api/2.13.3/log4j-api-2.13.3.jar:/home/mario.magno/.m2/repository/org/slf4j/jul-to-slf4j/1.7.30/jul-to-slf4j-1.7.30.jar:/home/mario.magno/.m2/repository/jakarta/annotation/jakarta.annotation-api/1.3.5/jakarta.annotation-api-1.3.5.jar:/home/mario.magno/.m2/repository/org/yaml/snakeyaml/1.27/snakeyaml-1.27.jar:/home/mario.magno/.m2/repository/org/springframework/boot/spring-boot-test/2.4.1/spring-boot-test-2.4.1.jar:/home/mario.magno/.m2/repository/org/springframework/boot/spring-boot-test-autoconfigure/2.4.1/spring-boot-test-autoconfigure-2.4.1.jar:/home/mario.magno/.m2/repository/com/jayway/jsonpath/json-path/2.4.0/json-path-2.4.0.jar:/home/mario.magno/.m2/repository/net/minidev/json-smart/2.3/json-smart-2.3.jar:/home/mario.magno/.m2/repository/net/minidev/accessors-smart/1.2/accessors-smart-1.2.jar:/home/mario.magno/.m2/repository/org/ow2/asm/asm/5.0.4/asm-5.0.4.jar:/home/mario.magno/.m2/repository/jakarta/xml/bind/jakarta.xml.bind-api/2.3.3/jakarta.xml.bind-api-2.3.3.jar:/home/mario.magno/.m2/repository/jakarta/activation/jakarta.activation-api/1.2.2/jakarta.activation-api-1.2.2.jar:/home/mario.magno/.m2/repository/org/assertj/assertj-core/3.18.1/assertj-core-3.18.1.jar:/home/mario.magno/.m2/repository/org/hamcrest/hamcrest/2.2/hamcrest-2.2.jar:/home/mario.magno/.m2/repository/org/junit/jupiter/junit-jupiter/5.7.0/junit-jupiter-5.7.0.jar:/home/mario.magno/.m2/repository/org/junit/jupiter/junit-jupiter-api/5.7.0/junit-jupiter-api-5.7.0.jar:/home/mario.magno/.m2/repository/org/apiguardian/apiguardian-api/1.1.0/apiguardian-api-1.1.0.jar:/home/mario.magno/.m2/repository/org/opentest4j/opentest4j/1.2.0/opentest4j-1.2.0.jar:/home/mario.magno/.m2/repository/org/junit/platform/junit-platform-commons/1.7.0/junit-platform-commons-1.7.0.jar:/home/mario.magno/.m2/repository/org/junit/jupiter/junit-jupiter-params/5.7.0/junit-jupiter-params-5.7.0.jar:/home/mario.magno/.m2/repository/org/junit/jupiter/junit-jupiter-engine/5.7.0/junit-jupiter-engine-5.7.0.jar:/home/mario.magno/.m2/repository/org/junit/platform/junit-platform-engine/1.7.0/junit-platform-engine-1.7.0.jar:/home/mario.magno/.m2/repository/org/mockito/mockito-core/3.6.28/mockito-core-3.6.28.jar:/home/mario.magno/.m2/repository/net/bytebuddy/byte-buddy-agent/1.10.18/byte-buddy-agent-1.10.18.jar:/home/mario.magno/.m2/repository/org/objenesis/objenesis/3.1/objenesis-3.1.jar:/home/mario.magno/.m2/repository/org/mockito/mockito-junit-jupiter/3.6.28/mockito-junit-jupiter-3.6.28.jar:/home/mario.magno/.m2/repository/org/skyscreamer/jsonassert/1.5.0/jsonassert-1.5.0.jar:/home/mario.magno/.m2/repository/com/vaadin/external/google/android-json/0.0.20131108.vaadin1/android-json-0.0.20131108.vaadin1.jar:/home/mario.magno/.m2/repository/org/springframework/spring-core/5.3.2/spring-core-5.3.2.jar:/home/mario.magno/.m2/repository/org/springframework/spring-jcl/5.3.2/spring-jcl-5.3.2.jar:/home/mario.magno/.m2/repository/org/springframework/spring-test/5.3.2/spring-test-5.3.2.jar:/home/mario.magno/.m2/repository/org/xmlunit/xmlunit-core/2.7.0/xmlunit-core-2.7.0.jar:"/>
    <property name="sun.cpu.endian" value="little"/>
    <property name="user.home" value="/home/mario.magno"/>
    <property name="user.language" value="en"/>
    <property name="java.specification.vendor" value="Oracle Corporation"/>
    <property name="java.version.date" value="2020-07-14"/>
    <property name="java.home" value="/usr/lib/jvm/java-14-openjdk-amd64"/>
    <property name="file.separator" value="/"/>
    <property name="basedir" value="/Cursos/Spring5/VSCode/sfg-pet-clinic/pet-clinic-data"/>
    <property name="java.vm.compressedOopsMode" value="32-bit"/>
    <property name="line.separator" value="&#10;"/>
    <property name="java.vm.specification.vendor" value="Oracle Corporation"/>
    <property name="java.specification.name" value="Java Platform API Specification"/>
    <property name="surefire.real.class.path" value="/Cursos/Spring5/VSCode/sfg-pet-clinic/pet-clinic-data/target/surefire/surefirebooter8522600730101429875.jar"/>
    <property name="sun.management.compiler" value="HotSpot 64-Bit Tiered Compilers"/>
    <property name="java.runtime.version" value="14.0.2+12-Ubuntu-120.04"/>
    <property name="user.name" value="mario.magno"/>
    <property name="path.separator" value=":"/>
    <property name="os.version" value="5.4.0-58-generic"/>
    <property name="java.runtime.name" value="OpenJDK Runtime Environment"/>
    <property name="file.encoding" value="UTF-8"/>
    <property name="java.vm.name" value="OpenJDK 64-Bit Server VM"/>
    <property name="localRepository" value="/home/mario.magno/.m2/repository"/>
    <property name="java.vendor.url.bug" value="Unknown"/>
    <property name="java.io.tmpdir" value="/tmp"/>
    <property name="java.version" value="14.0.2"/>
    <property name="user.dir" value="/Cursos/Spring5/VSCode/sfg-pet-clinic/pet-clinic-data"/>
    <property name="os.arch" value="amd64"/>
    <property name="java.vm.specification.name" value="Java Virtual Machine Specification"/>
    <property name="user.language.format" value="pt"/>
    <property name="java.library.path" value="/usr/java/packages/lib:/usr/lib/x86_64-linux-gnu/jni:/lib/x86_64-linux-gnu:/usr/lib/x86_64-linux-gnu:/usr/lib/jni:/lib:/usr/lib"/>
    <property name="java.vm.info" value="mixed mode, sharing"/>
    <property name="java.vendor" value="Private Build"/>
    <property name="java.vm.version" value="14.0.2+12-Ubuntu-120.04"/>
    <property name="sun.io.unicode.encoding" value="UnicodeLittle"/>
    <property name="java.class.version" value="58.0"/>
  </properties>
  <testcase name="guru.springframework.petclinicdata.PetClinicDataApplicationTests" classname="guru.springframework.petclinicdata.PetClinicDataApplicationTests" time="0.656">
    <error message="Unable to find a @SpringBootConfiguration, you need to use @ContextConfiguration or @SpringBootTest(classes=...) with your test" type="java.lang.IllegalStateException">java.lang.IllegalStateException: Unable to find a @SpringBootConfiguration, you need to use @ContextConfiguration or @SpringBootTest(classes=...) with your test
</error>
    <system-out><![CDATA[13:22:47.433 [main] DEBUG org.springframework.test.context.BootstrapUtils - Instantiating CacheAwareContextLoaderDelegate from class [org.springframework.test.context.cache.DefaultCacheAwareContextLoaderDelegate]
13:22:47.489 [main] DEBUG org.springframework.test.context.BootstrapUtils - Instantiating BootstrapContext using constructor [public org.springframework.test.context.support.DefaultBootstrapContext(java.lang.Class,org.springframework.test.context.CacheAwareContextLoaderDelegate)]
13:22:47.557 [main] DEBUG org.springframework.test.context.BootstrapUtils - Instantiating TestContextBootstrapper for test class [guru.springframework.petclinicdata.PetClinicDataApplicationTests] from class [org.springframework.boot.test.context.SpringBootTestContextBootstrapper]
13:22:47.582 [main] INFO org.springframework.boot.test.context.SpringBootTestContextBootstrapper - Neither @ContextConfiguration nor @ContextHierarchy found for test class [guru.springframework.petclinicdata.PetClinicDataApplicationTests], using SpringBootContextLoader
13:22:47.589 [main] DEBUG org.springframework.test.context.support.AbstractContextLoader - Did not detect default resource location for test class [guru.springframework.petclinicdata.PetClinicDataApplicationTests]: class path resource [guru/springframework/petclinicdata/PetClinicDataApplicationTests-context.xml] does not exist
13:22:47.590 [main] DEBUG org.springframework.test.context.support.AbstractContextLoader - Did not detect default resource location for test class [guru.springframework.petclinicdata.PetClinicDataApplicationTests]: class path resource [guru/springframework/petclinicdata/PetClinicDataApplicationTestsContext.groovy] does not exist
13:22:47.591 [main] INFO org.springframework.test.context.support.AbstractContextLoader - Could not detect default resource locations for test class [guru.springframework.petclinicdata.PetClinicDataApplicationTests]: no resource found for suffixes {-context.xml, Context.groovy}.
13:22:47.592 [main] INFO org.springframework.test.context.support.AnnotationConfigContextLoaderUtils - Could not detect default configuration classes for test class [guru.springframework.petclinicdata.PetClinicDataApplicationTests]: PetClinicDataApplicationTests does not declare any static, non-private, non-final, nested classes annotated with @Configuration.
13:22:47.719 [main] DEBUG org.springframework.test.context.support.ActiveProfilesUtils - Could not find an 'annotation declaring class' for annotation type [org.springframework.test.context.ActiveProfiles] and class [guru.springframework.petclinicdata.PetClinicDataApplicationTests]
13:22:47.785 [main] DEBUG org.springframework.test.context.BootstrapUtils - Instantiating CacheAwareContextLoaderDelegate from class [org.springframework.test.context.cache.DefaultCacheAwareContextLoaderDelegate]
13:22:47.786 [main] DEBUG org.springframework.test.context.BootstrapUtils - Instantiating BootstrapContext using constructor [public org.springframework.test.context.support.DefaultBootstrapContext(java.lang.Class,org.springframework.test.context.CacheAwareContextLoaderDelegate)]
13:22:47.789 [main] DEBUG org.springframework.test.context.BootstrapUtils - Instantiating TestContextBootstrapper for test class [guru.springframework.petclinicdata.PetClinicDataApplicationTests] from class [org.springframework.boot.test.context.SpringBootTestContextBootstrapper]
13:22:47.790 [main] INFO org.springframework.boot.test.context.SpringBootTestContextBootstrapper - Neither @ContextConfiguration nor @ContextHierarchy found for test class [guru.springframework.petclinicdata.PetClinicDataApplicationTests], using SpringBootContextLoader
13:22:47.792 [main] DEBUG org.springframework.test.context.support.AbstractContextLoader - Did not detect default resource location for test class [guru.springframework.petclinicdata.PetClinicDataApplicationTests]: class path resource [guru/springframework/petclinicdata/PetClinicDataApplicationTests-context.xml] does not exist
13:22:47.793 [main] DEBUG org.springframework.test.context.support.AbstractContextLoader - Did not detect default resource location for test class [guru.springframework.petclinicdata.PetClinicDataApplicationTests]: class path resource [guru/springframework/petclinicdata/PetClinicDataApplicationTestsContext.groovy] does not exist
13:22:47.793 [main] INFO org.springframework.test.context.support.AbstractContextLoader - Could not detect default resource locations for test class [guru.springframework.petclinicdata.PetClinicDataApplicationTests]: no resource found for suffixes {-context.xml, Context.groovy}.
13:22:47.794 [main] INFO org.springframework.test.context.support.AnnotationConfigContextLoaderUtils - Could not detect default configuration classes for test class [guru.springframework.petclinicdata.PetClinicDataApplicationTests]: PetClinicDataApplicationTests does not declare any static, non-private, non-final, nested classes annotated with @Configuration.
13:22:47.799 [main] DEBUG org.springframework.test.context.support.ActiveProfilesUtils - Could not find an 'annotation declaring class' for annotation type [org.springframework.test.context.ActiveProfiles] and class [guru.springframework.petclinicdata.PetClinicDataApplicationTests]
13:22:47.805 [main] DEBUG org.springframework.test.context.BootstrapUtils - Instantiating CacheAwareContextLoaderDelegate from class [org.springframework.test.context.cache.DefaultCacheAwareContextLoaderDelegate]
13:22:47.805 [main] DEBUG org.springframework.test.context.BootstrapUtils - Instantiating BootstrapContext using constructor [public org.springframework.test.context.support.DefaultBootstrapContext(java.lang.Class,org.springframework.test.context.CacheAwareContextLoaderDelegate)]
13:22:47.806 [main] DEBUG org.springframework.test.context.BootstrapUtils - Instantiating TestContextBootstrapper for test class [guru.springframework.petclinicdata.PetClinicDataApplicationTests] from class [org.springframework.boot.test.context.SpringBootTestContextBootstrapper]
13:22:47.807 [main] INFO org.springframework.boot.test.context.SpringBootTestContextBootstrapper - Neither @ContextConfiguration nor @ContextHierarchy found for test class [guru.springframework.petclinicdata.PetClinicDataApplicationTests], using SpringBootContextLoader
13:22:47.808 [main] DEBUG org.springframework.test.context.support.AbstractContextLoader - Did not detect default resource location for test class [guru.springframework.petclinicdata.PetClinicDataApplicationTests]: class path resource [guru/springframework/petclinicdata/PetClinicDataApplicationTests-context.xml] does not exist
13:22:47.809 [main] DEBUG org.springframework.test.context.support.AbstractContextLoader - Did not detect default resource location for test class [guru.springframework.petclinicdata.PetClinicDataApplicationTests]: class path resource [guru/springframework/petclinicdata/PetClinicDataApplicationTestsContext.groovy] does not exist
13:22:47.809 [main] INFO org.springframework.test.context.support.AbstractContextLoader - Could not detect default resource locations for test class [guru.springframework.petclinicdata.PetClinicDataApplicationTests]: no resource found for suffixes {-context.xml, Context.groovy}.
13:22:47.809 [main] INFO org.springframework.test.context.support.AnnotationConfigContextLoaderUtils - Could not detect default configuration classes for test class [guru.springframework.petclinicdata.PetClinicDataApplicationTests]: PetClinicDataApplicationTests does not declare any static, non-private, non-final, nested classes annotated with @Configuration.
13:22:47.814 [main] DEBUG org.springframework.test.context.support.ActiveProfilesUtils - Could not find an 'annotation declaring class' for annotation type [org.springframework.test.context.ActiveProfiles] and class [guru.springframework.petclinicdata.PetClinicDataApplicationTests]
]]></system-out>
  </testcase>
</testsuite>